2026-03-07 10:15:21 INFO User logged in
2026-03-07 10:15:22 ERROR Database connection failed
2026-03-07 10:15:23 WARNING Disk usage high
2026-03-07 10:15:24 ERROR Failed to write file
2026-03-07 10:15:25 INFO User requested dashboard
2026-03-07 10:15:26 INFO Session validated
2026-03-07 10:15:27 WARNING High memory usage detected
2026-03-07 10:15:28 ERROR API request timeout
2026-03-07 10:15:29 INFO User logged out
2026-03-07 10:15:30 INFO New user registered
2026-03-07 10:15:31 WARNING Disk usage high
2026-03-07 10:15:32 ERROR Failed to send email
2026-03-07 10:15:33 INFO Cache refreshed
2026-03-07 10:15:34 INFO File uploaded
2026-03-07 10:15:35 WARNING CPU usage above threshold
2026-03-07 10:15:36 ERROR Authentication failed
2026-03-07 10:15:37 INFO User updated profile
2026-03-07 10:15:38 INFO Background job started
2026-03-07 10:15:39 WARNING Disk latency high
2026-03-07 10:15:40 ERROR File read failed
2026-03-07 10:15:41 INFO Scheduled task executed
2026-03-07 10:15:42 INFO Session expired
2026-03-07 10:15:43 WARNING Network packet loss detected
2026-03-07 10:15:44 ERROR Database query timeout
2026-03-07 10:15:45 INFO User logged in
2026-03-07 10:15:46 INFO Data synchronization started
2026-03-07 10:15:47 WARNING High response time
2026-03-07 10:15:48 ERROR Failed to parse JSON
2026-03-07 10:15:49 INFO Cache cleared
2026-03-07 10:15:50 INFO Metrics collected
2026-03-07 10:15:51 WARNING Disk usage high
2026-03-07 10:15:52 ERROR Unable to allocate memory
2026-03-07 10:15:53 INFO User logged out
2026-03-07 10:15:54 INFO Health check passed
2026-03-07 10:15:55 WARNING Network latency high
2026-03-07 10:15:56 ERROR Connection reset by peer
2026-03-07 10:15:57 INFO Service started
2026-03-07 10:15:58 INFO Configuration loaded
2026-03-07 10:15:59 WARNING High I/O wait detected
2026-03-07 10:16:00 ERROR Disk read failure
2026-03-07 10:16:01 INFO Job queued
2026-03-07 10:16:02 INFO Job executed
2026-03-07 10:16:03 WARNING CPU temperature high
2026-03-07 10:16:04 ERROR Database deadlock detected
2026-03-07 10:16:05 INFO User changed password
2026-03-07 10:16:06 INFO Token generated
2026-03-07 10:16:07 WARNING Disk nearing capacity
2026-03-07 10:16:08 ERROR Failed to open socket
2026-03-07 10:16:09 INFO Worker thread started
2026-03-07 10:16:10 INFO Worker thread completed task
2026-03-07 10:16:11 WARNING Slow query detected
2026-03-07 10:16:12 ERROR Cache write failed
2026-03-07 10:16:13 INFO Configuration updated
2026-03-07 10:16:14 INFO Backup started
2026-03-07 10:16:15 WARNING Backup taking longer than expected
2026-03-07 10:16:16 ERROR Backup failed
2026-03-07 10:16:17 INFO User logged in
2026-03-07 10:16:18 INFO API request received
2026-03-07 10:16:19 WARNING High thread contention
2026-03-07 10:16:20 ERROR Failed to serialize data
2026-03-07 10:16:21 INFO Metrics exported
2026-03-07 10:16:22 INFO File download started
2026-03-07 10:16:23 WARNING Disk write slow
2026-03-07 10:16:24 ERROR Permission denied
2026-03-07 10:16:25 INFO User logged out
2026-03-07 10:16:26 INFO Scheduled cleanup started
2026-03-07 10:16:27 WARNING Too many open files
2026-03-07 10:16:28 ERROR File descriptor leak detected
2026-03-07 10:16:29 INFO Garbage collection started
2026-03-07 10:16:30 INFO Garbage collection finished
2026-03-07 10:16:31 WARNING High load average
2026-03-07 10:16:32 ERROR Failed to connect to cache
2026-03-07 10:16:33 INFO Session created
2026-03-07 10:16:34 INFO User uploaded image
2026-03-07 10:16:35 WARNING Disk usage high
2026-03-07 10:16:36 ERROR Image processing failed
2026-03-07 10:16:37 INFO API response sent
2026-03-07 10:16:38 INFO Worker thread idle
2026-03-07 10:16:39 WARNING Queue size growing
2026-03-07 10:16:40 ERROR Queue overflow
2026-03-07 10:16:41 INFO Retry attempt started
2026-03-07 10:16:42 INFO Retry successful
2026-03-07 10:16:43 WARNING Cache miss rate high
2026-03-07 10:16:44 ERROR Failed to update record
2026-03-07 10:16:45 INFO Task scheduled
2026-03-07 10:16:46 INFO Task completed
2026-03-07 10:16:47 WARNING Slow disk response
2026-03-07 10:16:48 ERROR Data corruption detected
2026-03-07 10:16:49 INFO Monitoring agent started
2026-03-07 10:16:50 INFO Monitoring data sent
2026-03-07 10:16:51 WARNING Packet retransmission detected
2026-03-07 10:16:52 ERROR Network interface down
2026-03-07 10:16:53 INFO Interface restored
2026-03-07 10:16:54 INFO Health check passed
2026-03-07 10:16:55 WARNING Thread pool saturation
2026-03-07 10:16:56 ERROR Worker thread crashed
2026-03-07 10:16:57 INFO Worker restarted
2026-03-07 10:16:58 INFO System stable
2026-03-07 10:16:59 WARNING High latency detected
2026-03-07 10:17:00 ERROR Unknown exception occurred
2026-03-07 10:15:21 INFO User logged in
2026-03-07 10:15:22 ERROR Database connection failed
2026-03-07 10:15:23 WARNING Disk usage high
2026-03-07 10:15:24 ERROR Failed to write file
2026-03-07 10:15:25 INFO User requested dashboard
2026-03-07 10:15:26 INFO Session validated
2026-03-07 10:15:27 WARNING High memory usage detected
2026-03-07 10:15:28 ERROR API request timeout
2026-03-07 10:15:29 INFO User logged out
2026-03-07 10:15:30 INFO New user registered
2026-03-07 10:15:31 WARNING Disk usage high
2026-03-07 10:15:32 ERROR Failed to send email
2026-03-07 10:15:33 INFO Cache refreshed
2026-03-07 10:15:34 INFO File uploaded
2026-03-07 10:15:35 WARNING CPU usage above threshold
2026-03-07 10:15:36 ERROR Authentication failed
2026-03-07 10:15:37 INFO User updated profile
2026-03-07 10:15:38 INFO Background job started
2026-03-07 10:15:39 WARNING Disk latency high
2026-03-07 10:15:40 ERROR File read failed
2026-03-07 10:15:41 INFO Scheduled task executed
2026-03-07 10:15:42 INFO Session expired
2026-03-07 10:15:43 WARNING Network packet loss detected
2026-03-07 10:15:44 ERROR Database query timeout
2026-03-07 10:15:45 INFO User logged in
2026-03-07 10:15:46 INFO Data synchronization started
2026-03-07 10:15:47 WARNING High response time
2026-03-07 10:15:48 ERROR Failed to parse JSON
2026-03-07 10:15:49 INFO Cache cleared
2026-03-07 10:15:50 INFO Metrics collected
2026-03-07 10:15:51 WARNING Disk usage high
2026-03-07 10:15:52 ERROR Unable to allocate memory
2026-03-07 10:15:53 INFO User logged out
2026-03-07 10:15:54 INFO Health check passed
2026-03-07 10:15:55 WARNING Network latency high
2026-03-07 10:15:56 ERROR Connection reset by peer
2026-03-07 10:15:57 INFO Service started
2026-03-07 10:15:58 INFO Configuration loaded
2026-03-07 10:15:59 WARNING High I/O wait detected
2026-03-07 10:16:00 ERROR Disk read failure
2026-03-07 10:16:01 INFO Job queued
2026-03-07 10:16:02 INFO Job executed
2026-03-07 10:16:03 WARNING CPU temperature high
2026-03-07 10:16:04 ERROR Database deadlock detected
2026-03-07 10:16:05 INFO User changed password
2026-03-07 10:16:06 INFO Token generated
2026-03-07 10:16:07 WARNING Disk nearing capacity
2026-03-07 10:16:08 ERROR Failed to open socket
2026-03-07 10:16:09 INFO Worker thread started
2026-03-07 10:16:10 INFO Worker thread completed task
2026-03-07 10:16:11 WARNING Slow query detected
2026-03-07 10:16:12 ERROR Cache write failed
2026-03-07 10:16:13 INFO Configuration updated
2026-03-07 10:16:14 INFO Backup started
2026-03-07 10:16:15 WARNING Backup taking longer than expected
2026-03-07 10:16:16 ERROR Backup failed
2026-03-07 10:16:17 INFO User logged in
2026-03-07 10:16:18 INFO API request received
2026-03-07 10:16:19 WARNING High thread contention
2026-03-07 10:16:20 ERROR Failed to serialize data
2026-03-07 10:16:21 INFO Metrics exported
2026-03-07 10:16:22 INFO File download started
2026-03-07 10:16:23 WARNING Disk write slow
2026-03-07 10:16:24 ERROR Permission denied
2026-03-07 10:16:25 INFO User logged out
2026-03-07 10:16:26 INFO Scheduled cleanup started
2026-03-07 10:16:27 WARNING Too many open files
2026-03-07 10:16:28 ERROR File descriptor leak detected
2026-03-07 10:16:29 INFO Garbage collection started
2026-03-07 10:16:30 INFO Garbage collection finished
2026-03-07 10:16:31 WARNING High load average
2026-03-07 10:16:32 ERROR Failed to connect to cache
2026-03-07 10:16:33 INFO Session created
2026-03-07 10:16:34 INFO User uploaded image
2026-03-07 10:16:35 WARNING Disk usage high
2026-03-07 10:16:36 ERROR Image processing failed
2026-03-07 10:16:37 INFO API response sent
2026-03-07 10:16:38 INFO Worker thread idle
2026-03-07 10:16:39 WARNING Queue size growing
2026-03-07 10:16:40 ERROR Queue overflow
2026-03-07 10:16:41 INFO Retry attempt started
2026-03-07 10:16:42 INFO Retry successful
2026-03-07 10:16:43 WARNING Cache miss rate high
2026-03-07 10:16:44 ERROR Failed to update record
2026-03-07 10:16:45 INFO Task scheduled
2026-03-07 10:16:46 INFO Task completed
2026-03-07 10:16:47 WARNING Slow disk response
2026-03-07 10:16:48 ERROR Data corruption detected
2026-03-07 10:16:49 INFO Monitoring agent started
2026-03-07 10:16:50 INFO Monitoring data sent
2026-03-07 10:16:51 WARNING Packet retransmission detected
2026-03-07 10:16:52 ERROR Network interface down
2026-03-07 10:16:53 INFO Interface restored
2026-03-07 10:16:54 INFO Health check passed
2026-03-07 10:16:55 WARNING Thread pool saturation
2026-03-07 10:16:56 ERROR Worker thread crashed
2026-03-07 10:16:57 INFO Worker restarted
2026-03-07 10:16:58 INFO System stable
2026-03-07 10:16:59 WARNING High latency detected
2026-03-07 10:17:00 ERROR Unknown exception occurred
2026-03-07 10:15:21 INFO User logged in
2026-03-07 10:15:22 ERROR Database connection failed
2026-03-07 10:15:23 WARNING Disk usage high
2026-03-07 10:15:24 ERROR Failed to write file
2026-03-07 10:15:25 INFO User requested dashboard
2026-03-07 10:15:26 INFO Session validated
2026-03-07 10:15:27 WARNING High memory usage detected
2026-03-07 10:15:28 ERROR API request timeout
2026-03-07 10:15:29 INFO User logged out
2026-03-07 10:15:30 INFO New user registered
2026-03-07 10:15:31 WARNING Disk usage high
2026-03-07 10:15:32 ERROR Failed to send email
2026-03-07 10:15:33 INFO Cache refreshed
2026-03-07 10:15:34 INFO File uploaded
2026-03-07 10:15:35 WARNING CPU usage above threshold
2026-03-07 10:15:36 ERROR Authentication failed
2026-03-07 10:15:37 INFO User updated profile
2026-03-07 10:15:38 INFO Background job started
2026-03-07 10:15:39 WARNING Disk latency high
2026-03-07 10:15:40 ERROR File read failed
2026-03-07 10:15:41 INFO Scheduled task executed
2026-03-07 10:15:42 INFO Session expired
2026-03-07 10:15:43 WARNING Network packet loss detected
2026-03-07 10:15:44 ERROR Database query timeout
2026-03-07 10:15:45 INFO User logged in
2026-03-07 10:15:46 INFO Data synchronization started
2026-03-07 10:15:47 WARNING High response time
2026-03-07 10:15:48 ERROR Failed to parse JSON
2026-03-07 10:15:49 INFO Cache cleared
2026-03-07 10:15:50 INFO Metrics collected
2026-03-07 10:15:51 WARNING Disk usage high
2026-03-07 10:15:52 ERROR Unable to allocate memory
2026-03-07 10:15:53 INFO User logged out
2026-03-07 10:15:54 INFO Health check passed
2026-03-07 10:15:55 WARNING Network latency high
2026-03-07 10:15:56 ERROR Connection reset by peer
2026-03-07 10:15:57 INFO Service started
2026-03-07 10:15:58 INFO Configuration loaded
2026-03-07 10:15:59 WARNING High I/O wait detected
2026-03-07 10:16:00 ERROR Disk read failure
2026-03-07 10:16:01 INFO Job queued
2026-03-07 10:16:02 INFO Job executed
2026-03-07 10:16:03 WARNING CPU temperature high
2026-03-07 10:16:04 ERROR Database deadlock detected
2026-03-07 10:16:05 INFO User changed password
2026-03-07 10:16:06 INFO Token generated
2026-03-07 10:16:07 WARNING Disk nearing capacity
2026-03-07 10:16:08 ERROR Failed to open socket
2026-03-07 10:16:09 INFO Worker thread started
2026-03-07 10:16:10 INFO Worker thread completed task
2026-03-07 10:16:11 WARNING Slow query detected
2026-03-07 10:16:12 ERROR Cache write failed
2026-03-07 10:16:13 INFO Configuration updated
2026-03-07 10:16:14 INFO Backup started
2026-03-07 10:16:15 WARNING Backup taking longer than expected
2026-03-07 10:16:16 ERROR Backup failed
2026-03-07 10:16:17 INFO User logged in
2026-03-07 10:16:18 INFO API request received
2026-03-07 10:16:19 WARNING High thread contention
2026-03-07 10:16:20 ERROR Failed to serialize data
2026-03-07 10:16:21 INFO Metrics exported
2026-03-07 10:16:22 INFO File download started
2026-03-07 10:16:23 WARNING Disk write slow
2026-03-07 10:16:24 ERROR Permission denied
2026-03-07 10:16:25 INFO User logged out
2026-03-07 10:16:26 INFO Scheduled cleanup started
2026-03-07 10:16:27 WARNING Too many open files
2026-03-07 10:16:28 ERROR File descriptor leak detected
2026-03-07 10:16:29 INFO Garbage collection started
2026-03-07 10:16:30 INFO Garbage collection finished
2026-03-07 10:16:31 WARNING High load average
2026-03-07 10:16:32 ERROR Failed to connect to cache
2026-03-07 10:16:33 INFO Session created
2026-03-07 10:16:34 INFO User uploaded image
2026-03-07 10:16:35 WARNING Disk usage high
2026-03-07 10:16:36 ERROR Image processing failed
2026-03-07 10:16:37 INFO API response sent
2026-03-07 10:16:38 INFO Worker thread idle
2026-03-07 10:16:39 WARNING Queue size growing
2026-03-07 10:16:40 ERROR Queue overflow
2026-03-07 10:16:41 INFO Retry attempt started
2026-03-07 10:16:42 INFO Retry successful
2026-03-07 10:16:43 WARNING Cache miss rate high
2026-03-07 10:16:44 ERROR Failed to update record
2026-03-07 10:16:45 INFO Task scheduled
2026-03-07 10:16:46 INFO Task completed
2026-03-07 10:16:47 WARNING Slow disk response
2026-03-07 10:16:48 ERROR Data corruption detected
2026-03-07 10:16:49 INFO Monitoring agent started
2026-03-07 10:16:50 INFO Monitoring data sent
2026-03-07 10:16:51 WARNING Packet retransmission detected
2026-03-07 10:16:52 ERROR Network interface down
2026-03-07 10:16:53 INFO Interface restored
2026-03-07 10:16:54 INFO Health check passed
2026-03-07 10:16:55 WARNING Thread pool saturation
2026-03-07 10:16:56 ERROR Worker thread crashed
2026-03-07 10:16:57 INFO Worker restarted
2026-03-07 10:16:58 INFO System stable
2026-03-07 10:16:59 WARNING High latency detected
2026-03-07 10:17:00 ERROR Unknown exception occurred
2026-03-07 10:15:21 INFO User logged in
2026-03-07 10:15:22 ERROR Database connection failed
2026-03-07 10:15:23 WARNING Disk usage high
2026-03-07 10:15:24 ERROR Failed to write file
2026-03-07 10:15:25 INFO User requested dashboard
2026-03-07 10:15:26 INFO Session validated
2026-03-07 10:15:27 WARNING High memory usage detected
2026-03-07 10:15:28 ERROR API request timeout
2026-03-07 10:15:29 INFO User logged out
2026-03-07 10:15:30 INFO New user registered
2026-03-07 10:15:31 WARNING Disk usage high
2026-03-07 10:15:32 ERROR Failed to send email
2026-03-07 10:15:33 INFO Cache refreshed
2026-03-07 10:15:34 INFO File uploaded
2026-03-07 10:15:35 WARNING CPU usage above threshold
2026-03-07 10:15:36 ERROR Authentication failed
2026-03-07 10:15:37 INFO User updated profile
2026-03-07 10:15:38 INFO Background job started
2026-03-07 10:15:39 WARNING Disk latency high
2026-03-07 10:15:40 ERROR File read failed
2026-03-07 10:15:41 INFO Scheduled task executed
2026-03-07 10:15:42 INFO Session expired
2026-03-07 10:15:43 WARNING Network packet loss detected
2026-03-07 10:15:44 ERROR Database query timeout
2026-03-07 10:15:45 INFO User logged in
2026-03-07 10:15:46 INFO Data synchronization started
2026-03-07 10:15:47 WARNING High response time
2026-03-07 10:15:48 ERROR Failed to parse JSON
2026-03-07 10:15:49 INFO Cache cleared
2026-03-07 10:15:50 INFO Metrics collected
2026-03-07 10:15:51 WARNING Disk usage high
2026-03-07 10:15:52 ERROR Unable to allocate memory
2026-03-07 10:15:53 INFO User logged out
2026-03-07 10:15:54 INFO Health check passed
2026-03-07 10:15:55 WARNING Network latency high
2026-03-07 10:15:56 ERROR Connection reset by peer
2026-03-07 10:15:57 INFO Service started
2026-03-07 10:15:58 INFO Configuration loaded
2026-03-07 10:15:59 WARNING High I/O wait detected
2026-03-07 10:16:00 ERROR Disk read failure
2026-03-07 10:16:01 INFO Job queued
2026-03-07 10:16:02 INFO Job executed
2026-03-07 10:16:03 WARNING CPU temperature high
2026-03-07 10:16:04 ERROR Database deadlock detected
2026-03-07 10:16:05 INFO User changed password
2026-03-07 10:16:06 INFO Token generated
2026-03-07 10:16:07 WARNING Disk nearing capacity
2026-03-07 10:16:08 ERROR Failed to open socket
2026-03-07 10:16:09 INFO Worker thread started
2026-03-07 10:16:10 INFO Worker thread completed task
2026-03-07 10:16:11 WARNING Slow query detected
2026-03-07 10:16:12 ERROR Cache write failed
2026-03-07 10:16:13 INFO Configuration updated
2026-03-07 10:16:14 INFO Backup started
2026-03-07 10:16:15 WARNING Backup taking longer than expected
2026-03-07 10:16:16 ERROR Backup failed
2026-03-07 10:16:17 INFO User logged in
2026-03-07 10:16:18 INFO API request received
2026-03-07 10:16:19 WARNING High thread contention
2026-03-07 10:16:20 ERROR Failed to serialize data
2026-03-07 10:16:21 INFO Metrics exported
2026-03-07 10:16:22 INFO File download started
2026-03-07 10:16:23 WARNING Disk write slow
2026-03-07 10:16:24 ERROR Permission denied
2026-03-07 10:16:25 INFO User logged out
2026-03-07 10:16:26 INFO Scheduled cleanup started
2026-03-07 10:16:27 WARNING Too many open files
2026-03-07 10:16:28 ERROR File descriptor leak detected
2026-03-07 10:16:29 INFO Garbage collection started
2026-03-07 10:16:30 INFO Garbage collection finished
2026-03-07 10:16:31 WARNING High load average
2026-03-07 10:16:32 ERROR Failed to connect to cache
2026-03-07 10:16:33 INFO Session created
2026-03-07 10:16:34 INFO User uploaded image
2026-03-07 10:16:35 WARNING Disk usage high
2026-03-07 10:16:36 ERROR Image processing failed
2026-03-07 10:16:37 INFO API response sent
2026-03-07 10:16:38 INFO Worker thread idle
2026-03-07 10:16:39 WARNING Queue size growing
2026-03-07 10:16:40 ERROR Queue overflow
2026-03-07 10:16:41 INFO Retry attempt started
2026-03-07 10:16:42 INFO Retry successful
2026-03-07 10:16:43 WARNING Cache miss rate high
2026-03-07 10:16:44 ERROR Failed to update record
2026-03-07 10:16:45 INFO Task scheduled
2026-03-07 10:16:46 INFO Task completed
2026-03-07 10:16:47 WARNING Slow disk response
2026-03-07 10:16:48 ERROR Data corruption detected
2026-03-07 10:16:49 INFO Monitoring agent started
2026-03-07 10:16:50 INFO Monitoring data sent
2026-03-07 10:16:51 WARNING Packet retransmission detected
2026-03-07 10:16:52 ERROR Network interface down
2026-03-07 10:16:53 INFO Interface restored
2026-03-07 10:16:54 INFO Health check passed
2026-03-07 10:16:55 WARNING Thread pool saturation
2026-03-07 10:16:56 ERROR Worker thread crashed
2026-03-07 10:16:57 INFO Worker restarted
2026-03-07 10:16:58 INFO System stable
2026-03-07 10:16:59 WARNING High latency detected
2026-03-07 10:17:00 ERROR Unknown exception occurred
2026-03-07 10:15:21 INFO User logged in
2026-03-07 10:15:22 ERROR Database connection failed
2026-03-07 10:15:23 WARNING Disk usage high
2026-03-07 10:15:24 ERROR Failed to write file
2026-03-07 10:15:25 INFO User requested dashboard
2026-03-07 10:15:26 INFO Session validated
2026-03-07 10:15:27 WARNING High memory usage detected
2026-03-07 10:15:28 ERROR API request timeout
2026-03-07 10:15:29 INFO User logged out
2026-03-07 10:15:30 INFO New user registered
2026-03-07 10:15:31 WARNING Disk usage high
2026-03-07 10:15:32 ERROR Failed to send email
2026-03-07 10:15:33 INFO Cache refreshed
2026-03-07 10:15:34 INFO File uploaded
2026-03-07 10:15:35 WARNING CPU usage above threshold
2026-03-07 10:15:36 ERROR Authentication failed
2026-03-07 10:15:37 INFO User updated profile
2026-03-07 10:15:38 INFO Background job started
2026-03-07 10:15:39 WARNING Disk latency high
2026-03-07 10:15:40 ERROR File read failed
2026-03-07 10:15:41 INFO Scheduled task executed
2026-03-07 10:15:42 INFO Session expired
2026-03-07 10:15:43 WARNING Network packet loss detected
2026-03-07 10:15:44 ERROR Database query timeout
2026-03-07 10:15:45 INFO User logged in
2026-03-07 10:15:46 INFO Data synchronization started
2026-03-07 10:15:47 WARNING High response time
2026-03-07 10:15:48 ERROR Failed to parse JSON
2026-03-07 10:15:49 INFO Cache cleared
2026-03-07 10:15:50 INFO Metrics collected
2026-03-07 10:15:51 WARNING Disk usage high
2026-03-07 10:15:52 ERROR Unable to allocate memory
2026-03-07 10:15:53 INFO User logged out
2026-03-07 10:15:54 INFO Health check passed
2026-03-07 10:15:55 WARNING Network latency high
2026-03-07 10:15:56 ERROR Connection reset by peer
2026-03-07 10:15:57 INFO Service started
2026-03-07 10:15:58 INFO Configuration loaded
2026-03-07 10:15:59 WARNING High I/O wait detected
2026-03-07 10:16:00 ERROR Disk read failure
2026-03-07 10:16:01 INFO Job queued
2026-03-07 10:16:02 INFO Job executed
2026-03-07 10:16:03 WARNING CPU temperature high
2026-03-07 10:16:04 ERROR Database deadlock detected
2026-03-07 10:16:05 INFO User changed password
2026-03-07 10:16:06 INFO Token generated
2026-03-07 10:16:07 WARNING Disk nearing capacity
2026-03-07 10:16:08 ERROR Failed to open socket
2026-03-07 10:16:09 INFO Worker thread started
2026-03-07 10:16:10 INFO Worker thread completed task
2026-03-07 10:16:11 WARNING Slow query detected
2026-03-07 10:16:12 ERROR Cache write failed
2026-03-07 10:16:13 INFO Configuration updated
2026-03-07 10:16:14 INFO Backup started
2026-03-07 10:16:15 WARNING Backup taking longer than expected
2026-03-07 10:16:16 ERROR Backup failed
2026-03-07 10:16:17 INFO User logged in
2026-03-07 10:16:18 INFO API request received
2026-03-07 10:16:19 WARNING High thread contention
2026-03-07 10:16:20 ERROR Failed to serialize data
2026-03-07 10:16:21 INFO Metrics exported
2026-03-07 10:16:22 INFO File download started
2026-03-07 10:16:23 WARNING Disk write slow
2026-03-07 10:16:24 ERROR Permission denied
2026-03-07 10:16:25 INFO User logged out
2026-03-07 10:16:26 INFO Scheduled cleanup started
2026-03-07 10:16:27 WARNING Too many open files
2026-03-07 10:16:28 ERROR File descriptor leak detected
2026-03-07 10:16:29 INFO Garbage collection started
2026-03-07 10:16:30 INFO Garbage collection finished
2026-03-07 10:16:31 WARNING High load average
2026-03-07 10:16:32 ERROR Failed to connect to cache
2026-03-07 10:16:33 INFO Session created
2026-03-07 10:16:34 INFO User uploaded image
2026-03-07 10:16:35 WARNING Disk usage high
2026-03-07 10:16:36 ERROR Image processing failed
2026-03-07 10:16:37 INFO API response sent
2026-03-07 10:16:38 INFO Worker thread idle
2026-03-07 10:16:39 WARNING Queue size growing
2026-03-07 10:16:40 ERROR Queue overflow
2026-03-07 10:16:41 INFO Retry attempt started
2026-03-07 10:16:42 INFO Retry successful
2026-03-07 10:16:43 WARNING Cache miss rate high
2026-03-07 10:16:44 ERROR Failed to update record
2026-03-07 10:16:45 INFO Task scheduled
2026-03-07 10:16:46 INFO Task completed
2026-03-07 10:16:47 WARNING Slow disk response
2026-03-07 10:16:48 ERROR Data corruption detected
2026-03-07 10:16:49 INFO Monitoring agent started
2026-03-07 10:16:50 INFO Monitoring data sent
2026-03-07 10:16:51 WARNING Packet retransmission detected
2026-03-07 10:16:52 ERROR Network interface down
2026-03-07 10:16:53 INFO Interface restored
2026-03-07 10:16:54 INFO Health check passed
2026-03-07 10:16:55 WARNING Thread pool saturation
2026-03-07 10:16:56 ERROR Worker thread crashed
2026-03-07 10:16:57 INFO Worker restarted
2026-03-07 10:16:58 INFO System stable
2026-03-07 10:16:59 WARNING High latency detected
2026-03-07 10:17:00 ERROR Unknown exception occurred
2026-03-07 10:15:21 INFO User logged in
2026-03-07 10:15:22 ERROR Database connection failed
2026-03-07 10:15:23 WARNING Disk usage high
2026-03-07 10:15:24 ERROR Failed to write file
2026-03-07 10:15:25 INFO User requested dashboard
2026-03-07 10:15:26 INFO Session validated
2026-03-07 10:15:27 WARNING High memory usage detected
2026-03-07 10:15:28 ERROR API request timeout
2026-03-07 10:15:29 INFO User logged out
2026-03-07 10:15:30 INFO New user registered
2026-03-07 10:15:31 WARNING Disk usage high
2026-03-07 10:15:32 ERROR Failed to send email
2026-03-07 10:15:33 INFO Cache refreshed
2026-03-07 10:15:34 INFO File uploaded
2026-03-07 10:15:35 WARNING CPU usage above threshold
2026-03-07 10:15:36 ERROR Authentication failed
2026-03-07 10:15:37 INFO User updated profile
2026-03-07 10:15:38 INFO Background job started
2026-03-07 10:15:39 WARNING Disk latency high
2026-03-07 10:15:40 ERROR File read failed
2026-03-07 10:15:41 INFO Scheduled task executed
2026-03-07 10:15:42 INFO Session expired
2026-03-07 10:15:43 WARNING Network packet loss detected
2026-03-07 10:15:44 ERROR Database query timeout
2026-03-07 10:15:45 INFO User logged in
2026-03-07 10:15:46 INFO Data synchronization started
2026-03-07 10:15:47 WARNING High response time
2026-03-07 10:15:48 ERROR Failed to parse JSON
2026-03-07 10:15:49 INFO Cache cleared
2026-03-07 10:15:50 INFO Metrics collected
2026-03-07 10:15:51 WARNING Disk usage high
2026-03-07 10:15:52 ERROR Unable to allocate memory
2026-03-07 10:15:53 INFO User logged out
2026-03-07 10:15:54 INFO Health check passed
2026-03-07 10:15:55 WARNING Network latency high
2026-03-07 10:15:56 ERROR Connection reset by peer
2026-03-07 10:15:57 INFO Service started
2026-03-07 10:15:58 INFO Configuration loaded
2026-03-07 10:15:59 WARNING High I/O wait detected
2026-03-07 10:16:00 ERROR Disk read failure
2026-03-07 10:16:01 INFO Job queued
2026-03-07 10:16:02 INFO Job executed
2026-03-07 10:16:03 WARNING CPU temperature high
2026-03-07 10:16:04 ERROR Database deadlock detected
2026-03-07 10:16:05 INFO User changed password
2026-03-07 10:16:06 INFO Token generated
2026-03-07 10:16:07 WARNING Disk nearing capacity
2026-03-07 10:16:08 ERROR Failed to open socket
2026-03-07 10:16:09 INFO Worker thread started
2026-03-07 10:16:10 INFO Worker thread completed task
2026-03-07 10:16:11 WARNING Slow query detected
2026-03-07 10:16:12 ERROR Cache write failed
2026-03-07 10:16:13 INFO Configuration updated
2026-03-07 10:16:14 INFO Backup started
2026-03-07 10:16:15 WARNING Backup taking longer than expected
2026-03-07 10:16:16 ERROR Backup failed
2026-03-07 10:16:17 INFO User logged in
2026-03-07 10:16:18 INFO API request received
2026-03-07 10:16:19 WARNING High thread contention
2026-03-07 10:16:20 ERROR Failed to serialize data
2026-03-07 10:16:21 INFO Metrics exported
2026-03-07 10:16:22 INFO File download started
2026-03-07 10:16:23 WARNING Disk write slow
2026-03-07 10:16:24 ERROR Permission denied
2026-03-07 10:16:25 INFO User logged out
2026-03-07 10:16:26 INFO Scheduled cleanup started
2026-03-07 10:16:27 WARNING Too many open files
2026-03-07 10:16:28 ERROR File descriptor leak detected
2026-03-07 10:16:29 INFO Garbage collection started
2026-03-07 10:16:30 INFO Garbage collection finished
2026-03-07 10:16:31 WARNING High load average
2026-03-07 10:16:32 ERROR Failed to connect to cache
2026-03-07 10:16:33 INFO Session created
2026-03-07 10:16:34 INFO User uploaded image
2026-03-07 10:16:35 WARNING Disk usage high
2026-03-07 10:16:36 ERROR Image processing failed
2026-03-07 10:16:37 INFO API response sent
2026-03-07 10:16:38 INFO Worker thread idle
2026-03-07 10:16:39 WARNING Queue size growing
2026-03-07 10:16:40 ERROR Queue overflow
2026-03-07 10:16:41 INFO Retry attempt started
2026-03-07 10:16:42 INFO Retry successful
2026-03-07 10:16:43 WARNING Cache miss rate high
2026-03-07 10:16:44 ERROR Failed to update record
2026-03-07 10:16:45 INFO Task scheduled
2026-03-07 10:16:46 INFO Task completed
2026-03-07 10:16:47 WARNING Slow disk response
2026-03-07 10:16:48 ERROR Data corruption detected
2026-03-07 10:16:49 INFO Monitoring agent started
2026-03-07 10:16:50 INFO Monitoring data sent
2026-03-07 10:16:51 WARNING Packet retransmission detected
2026-03-07 10:16:52 ERROR Network interface down
2026-03-07 10:16:53 INFO Interface restored
2026-03-07 10:16:54 INFO Health check passed
2026-03-07 10:16:55 WARNING Thread pool saturation
2026-03-07 10:16:56 ERROR Worker thread crashed
2026-03-07 10:16:57 INFO Worker restarted
2026-03-07 10:16:58 INFO System stable
2026-03-07 10:16:59 WARNING High latency detected
2026-03-07 10:17:00 ERROR Unknown exception occurred